This file contains any messages produced by compilers while
running configure, to aid debugging if configure makes a mistake.

It was created by ubiquity configure 2.3, which was
generated by GNU Autoconf 2.65.  Invocation command line was

  $ ./configure 

## --------- ##
## Platform. ##
## --------- ##

hostname = mlimonciello
uname -m = i686
uname -r = 2.6.32-24-generic-pae
uname -s = Linux
uname -v = #38-Ubuntu SMP Mon Jul 5 10:54:21 UTC 2010

/usr/bin/uname -p = unknown
/bin/uname -X     = unknown

/bin/arch              = unknown
/usr/bin/arch -k       = unknown
/usr/convex/getsysinfo = unknown
/usr/bin/hostinfo      = unknown
/bin/machine           = unknown
/usr/bin/oslevel       = unknown
/bin/universe          = unknown

PATH: /usr/local/sbin
PATH: /usr/local/bin
PATH: /usr/sbin
PATH: /usr/bin
PATH: /sbin
PATH: /bin
PATH: /usr/games


## ----------- ##
## Core tests. ##
## ----------- ##

configure:2352: checking for a BSD-compatible install
configure:2420: result: /usr/bin/install -c
configure:2431: checking whether build environment is sane
configure:2481: result: yes
configure:2622: checking for a thread-safe mkdir -p
configure:2661: result: /bin/mkdir -p
configure:2674: checking for gawk
configure:2690: found /usr/bin/gawk
configure:2701: result: gawk
configure:2712: checking whether make sets $(MAKE)
configure:2734: result: yes
configure:2819: checking whether to enable maintainer-specific portions of Makefiles
configure:2828: result: no
configure:2871: checking build system type
configure:2885: result: i686-pc-linux-gnu
configure:2905: checking host system type
configure:2918: result: i686-pc-linux-gnu
configure:2950: checking for style of include used by make
configure:2978: result: GNU
configure:3048: checking for gcc
configure:3064: found /usr/bin/gcc
configure:3075: result: gcc
configure:3304: checking for C compiler version
configure:3313: gcc --version >&5
gcc (Ubuntu 4.4.3-4ubuntu5) 4.4.3
Copyright (C) 2009 Free Software Foundation, Inc.
This is free software; see the source for copying conditions.  There is NO
warranty; not even for MERCHANTABILITY or FITNESS FOR A PARTICULAR PURPOSE.

configure:3324: $? = 0
configure:3313: gcc -v >&5
Using built-in specs.
Target: i486-linux-gnu
Configured with: ../src/configure -v --with-pkgversion='Ubuntu 4.4.3-4ubuntu5' --with-bugurl=file:///usr/share/doc/gcc-4.4/README.Bugs --enable-languages=c,c++,fortran,objc,obj-c++ --prefix=/usr --enable-shared --enable-multiarch --enable-linker-build-id --with-system-zlib --libexecdir=/usr/lib --without-included-gettext --enable-threads=posix --with-gxx-include-dir=/usr/include/c++/4.4 --program-suffix=-4.4 --enable-nls --enable-clocale=gnu --enable-libstdcxx-debug --enable-plugin --enable-objc-gc --enable-targets=all --disable-werror --with-arch-32=i486 --with-tune=generic --enable-checking=release --build=i486-linux-gnu --host=i486-linux-gnu --target=i486-linux-gnu
Thread model: posix
gcc version 4.4.3 (Ubuntu 4.4.3-4ubuntu5) 
configure:3324: $? = 0
configure:3313: gcc -V >&5
gcc: '-V' option must have argument
configure:3324: $? = 1
configure:3313: gcc -qversion >&5
gcc: unrecognized option '-qversion'
gcc: no input files
configure:3324: $? = 1
configure:3344: checking whether the C compiler works
configure:3366: gcc    conftest.c  >&5
configure:3370: $? = 0
configure:3419: result: yes
configure:3422: checking for C compiler default output file name
configure:3424: result: a.out
configure:3430: checking for suffix of executables
configure:3437: gcc -o conftest    conftest.c  >&5
configure:3441: $? = 0
configure:3463: result: 
configure:3485: checking whether we are cross compiling
configure:3493: gcc -o conftest    conftest.c  >&5
configure:3497: $? = 0
configure:3504: ./conftest
configure:3508: $? = 0
configure:3523: result: no
configure:3528: checking for suffix of object files
configure:3550: gcc -c   conftest.c >&5
configure:3554: $? = 0
configure:3575: result: o
configure:3579: checking whether we are using the GNU C compiler
configure:3598: gcc -c   conftest.c >&5
configure:3598: $? = 0
configure:3607: result: yes
configure:3616: checking whether gcc accepts -g
configure:3636: gcc -c -g  conftest.c >&5
configure:3636: $? = 0
configure:3677: result: yes
configure:3694: checking for gcc option to accept ISO C89
configure:3758: gcc  -c -g -O2  conftest.c >&5
configure:3758: $? = 0
configure:3771: result: none needed
configure:3793: checking dependency style of gcc
configure:3903: result: gcc3
configure:3918: checking for a sed that does not truncate output
configure:3982: result: /bin/sed
configure:4000: checking for grep that handles long lines and -e
configure:4058: result: /bin/grep
configure:4063: checking for egrep
configure:4125: result: /bin/grep -E
configure:4130: checking for fgrep
configure:4192: result: /bin/grep -F
configure:4227: checking for ld used by gcc
configure:4294: result: /usr/bin/ld
configure:4301: checking if the linker (/usr/bin/ld) is GNU ld
configure:4316: result: yes
configure:4328: checking for BSD- or MS-compatible name lister (nm)
configure:4377: result: /usr/bin/nm -B
configure:4495: checking the name lister (/usr/bin/nm -B) interface
configure:4502: gcc -c -g -O2  conftest.c >&5
configure:4505: /usr/bin/nm -B "conftest.o"
configure:4508: output
00000000 B some_variable
configure:4515: result: BSD nm
configure:4518: checking whether ln -s works
configure:4522: result: yes
configure:4530: checking the maximum length of command line arguments
configure:4650: result: 1572864
configure:4667: checking whether the shell understands some XSI constructs
configure:4677: result: yes
configure:4681: checking whether the shell understands "+="
configure:4687: result: yes
configure:4722: checking for /usr/bin/ld option to reload object files
configure:4729: result: -r
configure:4798: checking for objdump
configure:4814: found /usr/bin/objdump
configure:4825: result: objdump
configure:4857: checking how to recognize dependent libraries
configure:5053: result: pass_all
configure:5113: checking for ar
configure:5129: found /usr/bin/ar
configure:5140: result: ar
configure:5218: checking for strip
configure:5234: found /usr/bin/strip
configure:5245: result: strip
configure:5317: checking for ranlib
configure:5333: found /usr/bin/ranlib
configure:5344: result: ranlib
configure:5434: checking command to parse /usr/bin/nm -B output from gcc object
configure:5552: gcc -c -g -O2  conftest.c >&5
configure:5555: $? = 0
configure:5559: /usr/bin/nm -B conftest.o \| sed -n -e 's/^.*[	 ]\([ABCDGIRSTW][ABCDGIRSTW]*\)[	 ][	 ]*\([_A-Za-z][_A-Za-z0-9]*\)$/\1 \2 \2/p' \> conftest.nm
configure:5562: $? = 0
configure:5616: gcc -o conftest -g -O2   conftest.c conftstm.o >&5
configure:5619: $? = 0
configure:5657: result: ok
configure:6466: checking how to run the C preprocessor
configure:6497: gcc -E  conftest.c
configure:6497: $? = 0
configure:6511: gcc -E  conftest.c
conftest.c:11:28: error: ac_nonexistent.h: No such file or directory
configure:6511: $? = 1
configure: failed program was:
| /* confdefs.h */
| #define PACKAGE_NAME "ubiquity"
| #define PACKAGE_TARNAME "ubiquity"
| #define PACKAGE_VERSION "2.3"
| #define PACKAGE_STRING "ubiquity 2.3"
| #define PACKAGE_BUGREPORT "https://launchpad.net/ubuntu/+source/ubiquity/+filebug"
| #define PACKAGE_URL ""
| #define PACKAGE "ubiquity"
| #define VERSION "2.3"
| /* end confdefs.h.  */
| #include <ac_nonexistent.h>
configure:6536: result: gcc -E
configure:6556: gcc -E  conftest.c
configure:6556: $? = 0
configure:6570: gcc -E  conftest.c
conftest.c:11:28: error: ac_nonexistent.h: No such file or directory
configure:6570: $? = 1
configure: failed program was:
| /* confdefs.h */
| #define PACKAGE_NAME "ubiquity"
| #define PACKAGE_TARNAME "ubiquity"
| #define PACKAGE_VERSION "2.3"
| #define PACKAGE_STRING "ubiquity 2.3"
| #define PACKAGE_BUGREPORT "https://launchpad.net/ubuntu/+source/ubiquity/+filebug"
| #define PACKAGE_URL ""
| #define PACKAGE "ubiquity"
| #define VERSION "2.3"
| /* end confdefs.h.  */
| #include <ac_nonexistent.h>
configure:6599: checking for ANSI C header files
configure:6619: gcc -c -g -O2  conftest.c >&5
configure:6619: $? = 0
configure:6692: gcc -o conftest -g -O2   conftest.c  >&5
configure:6692: $? = 0
configure:6692: ./conftest
configure:6692: $? = 0
configure:6703: result: yes
configure:6716: checking for sys/types.h
configure:6716: gcc -c -g -O2  conftest.c >&5
configure:6716: $? = 0
configure:6716: result: yes
configure:6716: checking for sys/stat.h
configure:6716: gcc -c -g -O2  conftest.c >&5
configure:6716: $? = 0
configure:6716: result: yes
configure:6716: checking for stdlib.h
configure:6716: gcc -c -g -O2  conftest.c >&5
configure:6716: $? = 0
configure:6716: result: yes
configure:6716: checking for string.h
configure:6716: gcc -c -g -O2  conftest.c >&5
configure:6716: $? = 0
configure:6716: result: yes
configure:6716: checking for memory.h
configure:6716: gcc -c -g -O2  conftest.c >&5
configure:6716: $? = 0
configure:6716: result: yes
configure:6716: checking for strings.h
configure:6716: gcc -c -g -O2  conftest.c >&5
configure:6716: $? = 0
configure:6716: result: yes
configure:6716: checking for inttypes.h
configure:6716: gcc -c -g -O2  conftest.c >&5
configure:6716: $? = 0
configure:6716: result: yes
configure:6716: checking for stdint.h
configure:6716: gcc -c -g -O2  conftest.c >&5
configure:6716: $? = 0
configure:6716: result: yes
configure:6716: checking for unistd.h
configure:6716: gcc -c -g -O2  conftest.c >&5
configure:6716: $? = 0
configure:6716: result: yes
configure:6731: checking for dlfcn.h
configure:6731: gcc -c -g -O2  conftest.c >&5
configure:6731: $? = 0
configure:6731: result: yes
configure:6915: checking for objdir
configure:6930: result: .libs
configure:7226: checking if gcc supports -fno-rtti -fno-exceptions
configure:7244: gcc -c -g -O2  -fno-rtti -fno-exceptions conftest.c >&5
cc1: warning: command line option "-fno-rtti" is valid for C++/ObjC++ but not for C
configure:7248: $? = 0
configure:7261: result: no
configure:7281: checking for gcc option to produce PIC
configure:7553: result: -fPIC -DPIC
configure:7565: checking if gcc PIC flag -fPIC -DPIC works
configure:7583: gcc -c -g -O2  -fPIC -DPIC -DPIC conftest.c >&5
configure:7587: $? = 0
configure:7600: result: yes
configure:7624: checking if gcc static flag -static works
configure:7652: result: yes
configure:7667: checking if gcc supports -c -o file.o
configure:7688: gcc -c -g -O2  -o out/conftest2.o conftest.c >&5
configure:7692: $? = 0
configure:7714: result: yes
configure:7722: checking if gcc supports -c -o file.o
configure:7769: result: yes
configure:7802: checking whether the gcc linker (/usr/bin/ld) supports shared libraries
configure:8793: result: yes
configure:8830: checking whether -lc should be explicitly linked in
configure:8835: gcc -c -g -O2  conftest.c >&5
configure:8838: $? = 0
configure:8853: gcc -shared conftest.o  -v -Wl,-soname -Wl,conftest -o conftest 2\>\&1 \| /bin/grep  -lc  \>/dev/null 2\>\&1
configure:8856: $? = 0
configure:8868: result: no
configure:9032: checking dynamic linker characteristics
configure:9465: gcc -o conftest -g -O2   -Wl,-rpath -Wl,/foo conftest.c  >&5
configure:9465: $? = 0
configure:9695: result: GNU/Linux ld.so
configure:9797: checking how to hardcode library paths into programs
configure:9822: result: immediate
configure:10342: checking whether stripping libraries is possible
configure:10347: result: yes
configure:10382: checking if libtool supports shared libraries
configure:10384: result: yes
configure:10387: checking whether to build shared libraries
configure:10408: result: yes
configure:10411: checking whether to build static libraries
configure:10415: result: yes
configure:10452: checking whether NLS is requested
configure:10461: result: yes
configure:10502: checking for msgfmt
configure: trying /usr/bin/msgfmt...
0 translated messages.
configure:10534: result: /usr/bin/msgfmt
configure:10543: checking for gmsgfmt
configure:10574: result: /usr/bin/msgfmt
configure:10625: checking for xgettext
configure: trying /usr/bin/xgettext...
/usr/bin/xgettext: warning: file `/dev/null' extension `' is unknown; will try C
configure:10657: result: /usr/bin/xgettext
configure:10703: checking for msgmerge
configure: trying /usr/bin/msgmerge...
configure:10734: result: /usr/bin/msgmerge
configure:10791: checking for ld used by GCC
configure:10855: result: /usr/bin/ld
configure:10862: checking if the linker (/usr/bin/ld) is GNU ld
configure:10875: result: yes
configure:10882: checking for shared library run path origin
configure:10895: result: done
configure:11396: checking for CFPreferencesCopyAppValue
configure:11414: gcc -o conftest -g -O2   conftest.c  -Wl,-framework -Wl,CoreFoundation >&5
conftest.c:23:42: error: CoreFoundation/CFPreferences.h: No such file or directory
conftest.c: In function 'main':
conftest.c:27: error: 'NULL' undeclared (first use in this function)
conftest.c:27: error: (Each undeclared identifier is reported only once
conftest.c:27: error: for each function it appears in.)
configure:11414: $? = 1
configure: failed program was:
| /* confdefs.h */
| #define PACKAGE_NAME "ubiquity"
| #define PACKAGE_TARNAME "ubiquity"
| #define PACKAGE_VERSION "2.3"
| #define PACKAGE_STRING "ubiquity 2.3"
| #define PACKAGE_BUGREPORT "https://launchpad.net/ubuntu/+source/ubiquity/+filebug"
| #define PACKAGE_URL ""
| #define PACKAGE "ubiquity"
| #define VERSION "2.3"
| #define STDC_HEADERS 1
| #define HAVE_SYS_TYPES_H 1
| #define HAVE_SYS_STAT_H 1
| #define HAVE_STDLIB_H 1
| #define HAVE_STRING_H 1
| #define HAVE_MEMORY_H 1
| #define HAVE_STRINGS_H 1
| #define HAVE_INTTYPES_H 1
| #define HAVE_STDINT_H 1
| #define HAVE_UNISTD_H 1
| #define HAVE_DLFCN_H 1
| #define LT_OBJDIR ".libs/"
| /* end confdefs.h.  */
| #include <CoreFoundation/CFPreferences.h>
| int
| main ()
| {
| CFPreferencesCopyAppValue(NULL, NULL)
|   ;
|   return 0;
| }
configure:11423: result: no
configure:11430: checking for CFLocaleCopyCurrent
configure:11448: gcc -o conftest -g -O2   conftest.c  -Wl,-framework -Wl,CoreFoundation >&5
conftest.c:23:37: error: CoreFoundation/CFLocale.h: No such file or directory
configure:11448: $? = 1
configure: failed program was:
| /* confdefs.h */
| #define PACKAGE_NAME "ubiquity"
| #define PACKAGE_TARNAME "ubiquity"
| #define PACKAGE_VERSION "2.3"
| #define PACKAGE_STRING "ubiquity 2.3"
| #define PACKAGE_BUGREPORT "https://launchpad.net/ubuntu/+source/ubiquity/+filebug"
| #define PACKAGE_URL ""
| #define PACKAGE "ubiquity"
| #define VERSION "2.3"
| #define STDC_HEADERS 1
| #define HAVE_SYS_TYPES_H 1
| #define HAVE_SYS_STAT_H 1
| #define HAVE_STDLIB_H 1
| #define HAVE_STRING_H 1
| #define HAVE_MEMORY_H 1
| #define HAVE_STRINGS_H 1
| #define HAVE_INTTYPES_H 1
| #define HAVE_STDINT_H 1
| #define HAVE_UNISTD_H 1
| #define HAVE_DLFCN_H 1
| #define LT_OBJDIR ".libs/"
| /* end confdefs.h.  */
| #include <CoreFoundation/CFLocale.h>
| int
| main ()
| {
| CFLocaleCopyCurrent();
|   ;
|   return 0;
| }
configure:11457: result: no
configure:11506: checking for GNU gettext in libc
configure:11526: gcc -o conftest -g -O2   conftest.c  >&5
configure:11526: $? = 0
configure:11535: result: yes
configure:12281: checking whether to use NLS
configure:12283: result: yes
configure:12286: checking where the gettext function comes from
configure:12297: result: libc
configure:12369: checking for intltool >= 0.40.0
configure:12376: result: 0.41.0 found
configure:12384: checking for intltool-update
configure:12402: found /usr/bin/intltool-update
configure:12414: result: /usr/bin/intltool-update
configure:12424: checking for intltool-merge
configure:12442: found /usr/bin/intltool-merge
configure:12454: result: /usr/bin/intltool-merge
configure:12464: checking for intltool-extract
configure:12482: found /usr/bin/intltool-extract
configure:12494: result: /usr/bin/intltool-extract
configure:12625: checking for xgettext
configure:12655: result: /usr/bin/xgettext
configure:12665: checking for msgmerge
configure:12695: result: /usr/bin/msgmerge
configure:12705: checking for msgfmt
configure:12735: result: /usr/bin/msgfmt
configure:12745: checking for gmsgfmt
configure:12776: result: /usr/bin/msgfmt
configure:12796: checking for perl
configure:12814: found /usr/bin/perl
configure:12826: result: /usr/bin/perl
configure:12837: checking for perl >= 5.8.1
configure:12844: result: 5.10.1
configure:12876: gcc -o conftest -g -O2   conftest.c  >&5
configure:12876: $? = 0
configure:12951: checking for gcc
configure:12978: result: gcc
configure:13207: checking for C compiler version
configure:13216: gcc --version >&5
gcc (Ubuntu 4.4.3-4ubuntu5) 4.4.3
Copyright (C) 2009 Free Software Foundation, Inc.
This is free software; see the source for copying conditions.  There is NO
warranty; not even for MERCHANTABILITY or FITNESS FOR A PARTICULAR PURPOSE.

configure:13227: $? = 0
configure:13216: gcc -v >&5
Using built-in specs.
Target: i486-linux-gnu
Configured with: ../src/configure -v --with-pkgversion='Ubuntu 4.4.3-4ubuntu5' --with-bugurl=file:///usr/share/doc/gcc-4.4/README.Bugs --enable-languages=c,c++,fortran,objc,obj-c++ --prefix=/usr --enable-shared --enable-multiarch --enable-linker-build-id --with-system-zlib --libexecdir=/usr/lib --without-included-gettext --enable-threads=posix --with-gxx-include-dir=/usr/include/c++/4.4 --program-suffix=-4.4 --enable-nls --enable-clocale=gnu --enable-libstdcxx-debug --enable-plugin --enable-objc-gc --enable-targets=all --disable-werror --with-arch-32=i486 --with-tune=generic --enable-checking=release --build=i486-linux-gnu --host=i486-linux-gnu --target=i486-linux-gnu
Thread model: posix
gcc version 4.4.3 (Ubuntu 4.4.3-4ubuntu5) 
configure:13227: $? = 0
configure:13216: gcc -V >&5
gcc: '-V' option must have argument
configure:13227: $? = 1
configure:13216: gcc -qversion >&5
gcc: unrecognized option '-qversion'
gcc: no input files
configure:13227: $? = 1
configure:13231: checking whether we are using the GNU C compiler
configure:13259: result: yes
configure:13268: checking whether gcc accepts -g
configure:13329: result: yes
configure:13346: checking for gcc option to accept ISO C89
configure:13423: result: none needed
configure:13445: checking dependency style of gcc
configure:13555: result: gcc3
configure:13570: checking for ANSI C header files
configure:13674: result: yes
configure:13683: checking whether make sets $(MAKE)
configure:13705: result: yes
configure:13747: checking for a Python interpreter with version >= 2.5
configure:13764: python -c import sys # split strings by '.' and convert to numeric. Append some zeros # because we need at least 4 digits for the hex conversion. # map returns an iterator in Python 3.0 and a list in 2.x minver = list(map(int, '2.5'.split('.'))) + [0, 0, 0] minverhex = 0 # xrange is not present in Python 3.0 and range returns an iterator for i in list(range(0, 4)): minverhex = (minverhex << 8) + minver[i] sys.exit(sys.hexversion < minverhex)
configure:13767: $? = 0
configure:13773: result: python
configure:13781: checking for python
configure:13799: found /usr/bin/python
configure:13811: result: /usr/bin/python
configure:13829: checking for python version
configure:13836: result: 2.6
configure:13848: checking for python platform
configure:13855: result: linux2
configure:13862: checking for python script directory
configure:13891: result: ${prefix}/lib/python2.6/dist-packages
configure:13900: checking for python extension module directory
configure:13929: result: ${exec_prefix}/lib/python2.6/dist-packages
configure:13993: checking for pkg-config
configure:14011: found /usr/bin/pkg-config
configure:14023: result: /usr/bin/pkg-config
configure:14048: checking pkg-config is at least version 0.9.0
configure:14051: result: yes
configure:14062: checking for PANEL
configure:14073: $PKG_CONFIG --exists --print-errors "glib-2.0
			  gtk+-2.0 >= $GTK_REQUIRED
			  indicator
			  x11"
Package gtk+-2.0 was not found in the pkg-config search path.
Perhaps you should add the directory containing `gtk+-2.0.pc'
to the PKG_CONFIG_PATH environment variable
No package 'gtk+-2.0' found
Package indicator was not found in the pkg-config search path.
Perhaps you should add the directory containing `indicator.pc'
to the PKG_CONFIG_PATH environment variable
No package 'indicator' found
Package x11 was not found in the pkg-config search path.
Perhaps you should add the directory containing `x11.pc'
to the PKG_CONFIG_PATH environment variable
No package 'x11' found
configure:14079: $? = 1
configure:14100: $PKG_CONFIG --exists --print-errors "glib-2.0
			  gtk+-2.0 >= $GTK_REQUIRED
			  indicator
			  x11"
Package gtk+-2.0 was not found in the pkg-config search path.
Perhaps you should add the directory containing `gtk+-2.0.pc'
to the PKG_CONFIG_PATH environment variable
No package 'gtk+-2.0' found
Package indicator was not found in the pkg-config search path.
Perhaps you should add the directory containing `indicator.pc'
to the PKG_CONFIG_PATH environment variable
No package 'indicator' found
Package x11 was not found in the pkg-config search path.
Perhaps you should add the directory containing `x11.pc'
to the PKG_CONFIG_PATH environment variable
No package 'x11' found
configure:14106: $? = 1
No package 'gtk+-2.0' found
No package 'indicator' found
No package 'x11' found
configure:14156: error: Package requirements (glib-2.0
			  gtk+-2.0 >= 2.10.0
			  indicator
			  x11) were not met:

No package 'gtk+-2.0' found
No package 'indicator' found
No package 'x11' found

Consider adjusting the PKG_CONFIG_PATH environment variable if you
installed software in a non-standard prefix.

Alternatively, you may set the environment variables PANEL_CFLAGS
and PANEL_LIBS to avoid the need to call pkg-config.
See the pkg-config man page for more details.


## ---------------- ##
## Cache variables. ##
## ---------------- ##

ac_cv_build=i686-pc-linux-gnu
ac_cv_c_compiler_gnu=yes
ac_cv_env_CC_set=
ac_cv_env_CC_value=
ac_cv_env_CFLAGS_set=
ac_cv_env_CFLAGS_value=
ac_cv_env_CHEESE_CFLAGS_set=
ac_cv_env_CHEESE_CFLAGS_value=
ac_cv_env_CHEESE_LIBS_set=
ac_cv_env_CHEESE_LIBS_value=
ac_cv_env_CPPFLAGS_set=
ac_cv_env_CPPFLAGS_value=
ac_cv_env_CPP_set=
ac_cv_env_CPP_value=
ac_cv_env_LDFLAGS_set=
ac_cv_env_LDFLAGS_value=
ac_cv_env_LIBS_set=
ac_cv_env_LIBS_value=
ac_cv_env_PANEL_CFLAGS_set=
ac_cv_env_PANEL_CFLAGS_value=
ac_cv_env_PANEL_LIBS_set=
ac_cv_env_PANEL_LIBS_value=
ac_cv_env_PKG_CONFIG_set=
ac_cv_env_PKG_CONFIG_value=
ac_cv_env_build_alias_set=
ac_cv_env_build_alias_value=
ac_cv_env_host_alias_set=
ac_cv_env_host_alias_value=
ac_cv_env_target_alias_set=
ac_cv_env_target_alias_value=
ac_cv_header_dlfcn_h=yes
ac_cv_header_inttypes_h=yes
ac_cv_header_memory_h=yes
ac_cv_header_stdc=yes
ac_cv_header_stdint_h=yes
ac_cv_header_stdlib_h=yes
ac_cv_header_string_h=yes
ac_cv_header_strings_h=yes
ac_cv_header_sys_stat_h=yes
ac_cv_header_sys_types_h=yes
ac_cv_header_unistd_h=yes
ac_cv_host=i686-pc-linux-gnu
ac_cv_objext=o
ac_cv_path_EGREP='/bin/grep -E'
ac_cv_path_FGREP='/bin/grep -F'
ac_cv_path_GMSGFMT=/usr/bin/msgfmt
ac_cv_path_GREP=/bin/grep
ac_cv_path_INTLTOOL_EXTRACT=/usr/bin/intltool-extract
ac_cv_path_INTLTOOL_MERGE=/usr/bin/intltool-merge
ac_cv_path_INTLTOOL_PERL=/usr/bin/perl
ac_cv_path_INTLTOOL_UPDATE=/usr/bin/intltool-update
ac_cv_path_MSGFMT=/usr/bin/msgfmt
ac_cv_path_MSGMERGE=/usr/bin/msgmerge
ac_cv_path_PYTHON=/usr/bin/python
ac_cv_path_SED=/bin/sed
ac_cv_path_XGETTEXT=/usr/bin/xgettext
ac_cv_path_ac_pt_PKG_CONFIG=/usr/bin/pkg-config
ac_cv_path_install='/usr/bin/install -c'
ac_cv_path_mkdir=/bin/mkdir
ac_cv_prog_AWK=gawk
ac_cv_prog_CPP='gcc -E'
ac_cv_prog_ac_ct_AR=ar
ac_cv_prog_ac_ct_CC=gcc
ac_cv_prog_ac_ct_OBJDUMP=objdump
ac_cv_prog_ac_ct_RANLIB=ranlib
ac_cv_prog_ac_ct_STRIP=strip
ac_cv_prog_cc_c89=
ac_cv_prog_cc_g=yes
ac_cv_prog_make_make_set=yes
acl_cv_hardcode_direct=no
acl_cv_hardcode_libdir_flag_spec='${wl}-rpath ${wl}$libdir'
acl_cv_hardcode_libdir_separator=
acl_cv_hardcode_minus_L=no
acl_cv_libext=a
acl_cv_libname_spec='lib$name'
acl_cv_library_names_spec='$libname$shrext'
acl_cv_path_LD=/usr/bin/ld
acl_cv_prog_gnu_ld=yes
acl_cv_rpath=done
acl_cv_shlibext=so
acl_cv_wl=-Wl,
am_cv_CC_dependencies_compiler_type=gcc3
am_cv_pathless_PYTHON=python
am_cv_python_platform=linux2
am_cv_python_pyexecdir='${exec_prefix}/lib/python2.6/dist-packages'
am_cv_python_pythondir='${prefix}/lib/python2.6/dist-packages'
am_cv_python_version=2.6
gt_cv_func_CFLocaleCopyCurrent=no
gt_cv_func_CFPreferencesCopyAppValue=no
gt_cv_func_gnugettext1_libc=yes
lt_cv_deplibs_check_method=pass_all
lt_cv_file_magic_cmd='$MAGIC_CMD'
lt_cv_file_magic_test_file=
lt_cv_ld_reload_flag=-r
lt_cv_nm_interface='BSD nm'
lt_cv_objdir=.libs
lt_cv_path_LD=/usr/bin/ld
lt_cv_path_NM='/usr/bin/nm -B'
lt_cv_prog_compiler_c_o=yes
lt_cv_prog_compiler_pic_works=yes
lt_cv_prog_compiler_rtti_exceptions=no
lt_cv_prog_compiler_static_works=yes
lt_cv_prog_gnu_ld=yes
lt_cv_sys_global_symbol_pipe='sed -n -e '\''s/^.*[	 ]\([ABCDGIRSTW][ABCDGIRSTW]*\)[	 ][	 ]*\([_A-Za-z][_A-Za-z0-9]*\)$/\1 \2 \2/p'\'''
lt_cv_sys_global_symbol_to_c_name_address='sed -n -e '\''s/^: \([^ ]*\) $/  {\"\1\", (void *) 0},/p'\'' -e '\''s/^[ABCDGIRSTW]* \([^ ]*\) \([^ ]*\)$/  {"\2", (void *) \&\2},/p'\'''
lt_cv_sys_global_symbol_to_c_name_address_lib_prefix='sed -n -e '\''s/^: \([^ ]*\) $/  {\"\1\", (void *) 0},/p'\'' -e '\''s/^[ABCDGIRSTW]* \([^ ]*\) \(lib[^ ]*\)$/  {"\2", (void *) \&\2},/p'\'' -e '\''s/^[ABCDGIRSTW]* \([^ ]*\) \([^ ]*\)$/  {"lib\2", (void *) \&\2},/p'\'''
lt_cv_sys_global_symbol_to_cdecl='sed -n -e '\''s/^T .* \(.*\)$/extern int \1();/p'\'' -e '\''s/^[ABCDGIRSTW]* .* \(.*\)$/extern char \1;/p'\'''
lt_cv_sys_max_cmd_len=1572864

## ----------------- ##
## Output variables. ##
## ----------------- ##

ACLOCAL='${SHELL} /home/supermario/src/ubiquity/build/missing --run aclocal-1.11'
ALL_LINGUAS=''
AMDEPBACKSLASH='\'
AMDEP_FALSE='#'
AMDEP_TRUE=''
AMTAR='${SHELL} /home/supermario/src/ubiquity/build/missing --run tar'
AR='ar'
AUTOCONF='${SHELL} /home/supermario/src/ubiquity/build/missing --run autoconf'
AUTOHEADER='${SHELL} /home/supermario/src/ubiquity/build/missing --run autoheader'
AUTOMAKE='${SHELL} /home/supermario/src/ubiquity/build/missing --run automake-1.11'
AWK='gawk'
BASE_CFLAGS=''
BASE_LIBS=''
CC='gcc'
CCDEPMODE='depmode=gcc3'
CFLAGS='-g -O2'
CHEESE_CFLAGS=''
CHEESE_LIBS=''
CPP='gcc -E'
CPPFLAGS=''
CYGPATH_W='echo'
DATADIRNAME='share'
DEFS=''
DEPDIR='.deps'
DSYMUTIL=''
DUMPBIN=''
ECHO_C=''
ECHO_N='-n'
ECHO_T=''
EGREP='/bin/grep -E'
EXEEXT=''
FGREP='/bin/grep -F'
GETTEXT_MACRO_VERSION='0.17'
GETTEXT_PACKAGE='ubiquity'
GMSGFMT='/usr/bin/msgfmt'
GMSGFMT_015='/usr/bin/msgfmt'
GREP='/bin/grep'
GTK_CFLAGS=''
GTK_LIBS=''
INSTALL_DATA='${INSTALL} -m 644'
INSTALL_PROGRAM='${INSTALL}'
INSTALL_SCRIPT='${INSTALL}'
INSTALL_STRIP_PROGRAM='$(install_sh) -c -s'
INTLLIBS=''
INTLTOOL_CAVES_RULE='%.caves:     %.caves.in     $(INTLTOOL_MERGE) $(wildcard $(top_srcdir)/po/*.po) ; LC_ALL=C $(INTLTOOL_MERGE) -d -u -c $(top_builddir)/po/.intltool-merge-cache $(top_srcdir)/po $< $@'
INTLTOOL_DESKTOP_RULE='%.desktop:   %.desktop.in   $(INTLTOOL_MERGE) $(wildcard $(top_srcdir)/po/*.po) ; LC_ALL=C $(INTLTOOL_MERGE) -d -u -c $(top_builddir)/po/.intltool-merge-cache $(top_srcdir)/po $< $@'
INTLTOOL_DIRECTORY_RULE='%.directory: %.directory.in $(INTLTOOL_MERGE) $(wildcard $(top_srcdir)/po/*.po) ; LC_ALL=C $(INTLTOOL_MERGE) -d -u -c $(top_builddir)/po/.intltool-merge-cache $(top_srcdir)/po $< $@'
INTLTOOL_EXTRACT='/usr/bin/intltool-extract'
INTLTOOL_KBD_RULE='%.kbd:       %.kbd.in       $(INTLTOOL_MERGE) $(wildcard $(top_srcdir)/po/*.po) ; LC_ALL=C $(INTLTOOL_MERGE) -x -u -m -c $(top_builddir)/po/.intltool-merge-cache $(top_srcdir)/po $< $@'
INTLTOOL_KEYS_RULE='%.keys:      %.keys.in      $(INTLTOOL_MERGE) $(wildcard $(top_srcdir)/po/*.po) ; LC_ALL=C $(INTLTOOL_MERGE) -k -u -c $(top_builddir)/po/.intltool-merge-cache $(top_srcdir)/po $< $@'
INTLTOOL_MERGE='/usr/bin/intltool-merge'
INTLTOOL_OAF_RULE='%.oaf:       %.oaf.in       $(INTLTOOL_MERGE) $(wildcard $(top_srcdir)/po/*.po) ; LC_ALL=C $(INTLTOOL_MERGE) -o -p $(top_srcdir)/po $< $@'
INTLTOOL_PERL='/usr/bin/perl'
INTLTOOL_POLICY_RULE='%.policy:    %.policy.in    $(INTLTOOL_MERGE) $(wildcard $(top_srcdir)/po/*.po) ; LC_ALL=C $(INTLTOOL_MERGE) -x -u -c $(top_builddir)/po/.intltool-merge-cache $(top_srcdir)/po $< $@'
INTLTOOL_PONG_RULE='%.pong:      %.pong.in      $(INTLTOOL_MERGE) $(wildcard $(top_srcdir)/po/*.po) ; LC_ALL=C $(INTLTOOL_MERGE) -x -u -c $(top_builddir)/po/.intltool-merge-cache $(top_srcdir)/po $< $@'
INTLTOOL_PROP_RULE='%.prop:      %.prop.in      $(INTLTOOL_MERGE) $(wildcard $(top_srcdir)/po/*.po) ; LC_ALL=C $(INTLTOOL_MERGE) -d -u -c $(top_builddir)/po/.intltool-merge-cache $(top_srcdir)/po $< $@'
INTLTOOL_SCHEMAS_RULE='%.schemas:   %.schemas.in   $(INTLTOOL_MERGE) $(wildcard $(top_srcdir)/po/*.po) ; LC_ALL=C $(INTLTOOL_MERGE) -s -u -c $(top_builddir)/po/.intltool-merge-cache $(top_srcdir)/po $< $@'
INTLTOOL_SERVER_RULE='%.server:    %.server.in    $(INTLTOOL_MERGE) $(wildcard $(top_srcdir)/po/*.po) ; LC_ALL=C $(INTLTOOL_MERGE) -o -u -c $(top_builddir)/po/.intltool-merge-cache $(top_srcdir)/po $< $@'
INTLTOOL_SERVICE_RULE='%.service: %.service.in   $(INTLTOOL_MERGE) $(wildcard $(top_srcdir)/po/*.po) ; LC_ALL=C $(INTLTOOL_MERGE) -d -u -c $(top_builddir)/po/.intltool-merge-cache $(top_srcdir)/po $< $@'
INTLTOOL_SHEET_RULE='%.sheet:     %.sheet.in     $(INTLTOOL_MERGE) $(wildcard $(top_srcdir)/po/*.po) ; LC_ALL=C $(INTLTOOL_MERGE) -x -u -c $(top_builddir)/po/.intltool-merge-cache $(top_srcdir)/po $< $@'
INTLTOOL_SOUNDLIST_RULE='%.soundlist: %.soundlist.in $(INTLTOOL_MERGE) $(wildcard $(top_srcdir)/po/*.po) ; LC_ALL=C $(INTLTOOL_MERGE) -d -u -c $(top_builddir)/po/.intltool-merge-cache $(top_srcdir)/po $< $@'
INTLTOOL_THEME_RULE='%.theme:     %.theme.in     $(INTLTOOL_MERGE) $(wildcard $(top_srcdir)/po/*.po) ; LC_ALL=C $(INTLTOOL_MERGE) -d -u -c $(top_builddir)/po/.intltool-merge-cache $(top_srcdir)/po $< $@'
INTLTOOL_UI_RULE='%.ui:        %.ui.in        $(INTLTOOL_MERGE) $(wildcard $(top_srcdir)/po/*.po) ; LC_ALL=C $(INTLTOOL_MERGE) -x -u -c $(top_builddir)/po/.intltool-merge-cache $(top_srcdir)/po $< $@'
INTLTOOL_UPDATE='/usr/bin/intltool-update'
INTLTOOL_XAM_RULE='%.xam:       %.xml.in       $(INTLTOOL_MERGE) $(wildcard $(top_srcdir)/po/*.po) ; LC_ALL=C $(INTLTOOL_MERGE) -x -u -c $(top_builddir)/po/.intltool-merge-cache $(top_srcdir)/po $< $@'
INTLTOOL_XML_NOMERGE_RULE='%.xml:       %.xml.in       $(INTLTOOL_MERGE) ; LC_ALL=C $(INTLTOOL_MERGE) -x -u /tmp $< $@'
INTLTOOL_XML_RULE='%.xml:       %.xml.in       $(INTLTOOL_MERGE) $(wildcard $(top_srcdir)/po/*.po) ; LC_ALL=C $(INTLTOOL_MERGE) -x -u -c $(top_builddir)/po/.intltool-merge-cache $(top_srcdir)/po $< $@'
INTL_MACOSX_LIBS=''
LD='/usr/bin/ld'
LDFLAGS=''
LIBICONV='-liconv'
LIBINTL=''
LIBOBJS=''
LIBS=''
LIBTOOL='$(SHELL) $(top_builddir)/libtool'
LIPO=''
LN_S='ln -s'
LTLIBICONV='-liconv'
LTLIBINTL=''
LTLIBOBJS=''
MAINT='#'
MAINTAINER_MODE_FALSE=''
MAINTAINER_MODE_TRUE='#'
MAKEINFO='${SHELL} /home/supermario/src/ubiquity/build/missing --run makeinfo'
MKDIR_P='/bin/mkdir -p'
MSGFMT='/usr/bin/msgfmt'
MSGFMT_015='/usr/bin/msgfmt'
MSGMERGE='/usr/bin/msgmerge'
NM='/usr/bin/nm -B'
NMEDIT=''
OBJDUMP='objdump'
OBJEXT='o'
OTOOL64=''
OTOOL=''
PACKAGE='ubiquity'
PACKAGE_BUGREPORT='https://launchpad.net/ubuntu/+source/ubiquity/+filebug'
PACKAGE_NAME='ubiquity'
PACKAGE_STRING='ubiquity 2.3'
PACKAGE_TARNAME='ubiquity'
PACKAGE_URL=''
PACKAGE_VERSION='2.3'
PANEL_CFLAGS=''
PANEL_LIBS=''
PATH_SEPARATOR=':'
PKG_CONFIG='/usr/bin/pkg-config'
POSUB='po'
PYGOBJECT_CODEGEN=''
PYGOBJECT_DEFSDIR=''
PYGOBJECT_H2DEF=''
PYGTK_DEFS_DIR=''
PYTHON='/usr/bin/python'
PYTHON_EXEC_PREFIX='${exec_prefix}'
PYTHON_INCLUDES=''
PYTHON_PLATFORM='linux2'
PYTHON_PREFIX='${prefix}'
PYTHON_VERSION='2.6'
RANLIB='ranlib'
SED='/bin/sed'
SET_MAKE=''
SHELL='/bin/bash'
STRIP='strip'
USE_NLS='yes'
VERSION='2.3'
XGETTEXT='/usr/bin/xgettext'
XGETTEXT_015='/usr/bin/xgettext'
XGETTEXT_EXTRA_OPTIONS=''
ac_ct_CC='gcc'
ac_ct_DUMPBIN=''
am__EXEEXT_FALSE=''
am__EXEEXT_TRUE=''
am__fastdepCC_FALSE='#'
am__fastdepCC_TRUE=''
am__include='include'
am__isrc=''
am__leading_dot='.'
am__quote=''
am__tar='${AMTAR} chof - "$$tardir"'
am__untar='${AMTAR} xf -'
bindir='${exec_prefix}/bin'
build='i686-pc-linux-gnu'
build_alias=''
build_cpu='i686'
build_os='linux-gnu'
build_vendor='pc'
datadir='${datarootdir}'
datarootdir='${prefix}/share'
docdir='${datarootdir}/doc/${PACKAGE_TARNAME}'
dvidir='${docdir}'
exec_prefix='NONE'
host='i686-pc-linux-gnu'
host_alias=''
host_cpu='i686'
host_os='linux-gnu'
host_vendor='pc'
htmldir='${docdir}'
includedir='${prefix}/include'
infodir='${datarootdir}/info'
install_sh='${SHELL} /home/supermario/src/ubiquity/build/install-sh'
libdir='${exec_prefix}/lib'
libexecdir='${exec_prefix}/libexec'
localedir='${datarootdir}/locale'
localstatedir='${prefix}/var'
lt_ECHO='echo'
mandir='${datarootdir}/man'
mkdir_p='/bin/mkdir -p'
oldincludedir='/usr/include'
pdfdir='${docdir}'
pixmapsdir=''
pkgpyexecdir='${pyexecdir}/ubiquity'
pkgpythondir='${pythondir}/ubiquity'
prefix='NONE'
program_transform_name='s,x,x,'
psdir='${docdir}'
pyexecdir='${exec_prefix}/lib/python2.6/dist-packages'
pythondir='${prefix}/lib/python2.6/dist-packages'
sbindir='${exec_prefix}/sbin'
sharedstatedir='${prefix}/com'
sysconfdir='${prefix}/etc'
target_alias=''

## ----------- ##
## confdefs.h. ##
## ----------- ##

/* confdefs.h */
#define PACKAGE_NAME "ubiquity"
#define PACKAGE_TARNAME "ubiquity"
#define PACKAGE_VERSION "2.3"
#define PACKAGE_STRING "ubiquity 2.3"
#define PACKAGE_BUGREPORT "https://launchpad.net/ubuntu/+source/ubiquity/+filebug"
#define PACKAGE_URL ""
#define PACKAGE "ubiquity"
#define VERSION "2.3"
#define STDC_HEADERS 1
#define HAVE_SYS_TYPES_H 1
#define HAVE_SYS_STAT_H 1
#define HAVE_STDLIB_H 1
#define HAVE_STRING_H 1
#define HAVE_MEMORY_H 1
#define HAVE_STRINGS_H 1
#define HAVE_INTTYPES_H 1
#define HAVE_STDINT_H 1
#define HAVE_UNISTD_H 1
#define HAVE_DLFCN_H 1
#define LT_OBJDIR ".libs/"
#define ENABLE_NLS 1
#define HAVE_GETTEXT 1
#define HAVE_DCGETTEXT 1
#define STDC_HEADERS 1

configure: exit 1
